<?xml version="1.0" encoding="UTF-8"?>
<testsuite name="TokenTest" tests="1" skipped="0" failures="0" errors="0" timestamp="2025-10-09T14:09:07.037Z" hostname="BARTEK" time="0.018">
  <properties/>
  <testcase name="token_has_label()" classname="TokenTest" time="0.018"/>
  <system-out><![CDATA[]]></system-out>
  <system-err><![CDATA[]]></system-err>
</testsuite>
